<?xml version="1.0" encoding="UTF-8"?>
<!-- Generated by org.testng.reporters.JUnitXMLReporter -->
<testsuite ignored="0" hostname="DESKTOP-RK59BP5" failures="7" tests="9" name="Default test" time="1.221" errors="0" timestamp="2025-08-06T13:23:56 IST">
  <testcase classname="io.cucumber.testng.AbstractTestNGCucumberTests" name="runScenario" time="0.177">
    <failure type="io.cucumber.testng.UndefinedStepException" message="The step &amp;apos;User is on NetBanking landing page&amp;apos; is undefined.
You can implement this step using the snippet(s) below:

@Given(&amp;quot;User is on NetBanking landing page&amp;quot;)
public void user_is_on_net_banking_landing_page() {
    // Write code here that turns the phrase above into concrete actions
    throw new io.cucumber.java.PendingException();
}
">
      <![CDATA[io.cucumber.testng.UndefinedStepException: The step 'User is on NetBanking landing page' is undefined.
You can implement this step using the snippet(s) below:

@Given("User is on NetBanking landing page")
public void user_is_on_net_banking_landing_page() {
    // Write code here that turns the phrase above into concrete actions
    throw new io.cucumber.java.PendingException();
}

at ✽.User is on NetBanking landing page(file:///C:/Users/DELL/eclipse-workspace/cucumber/src/test/java/features/SecondProgram.feature:12)
]]>
    </failure>
  </testcase> <!-- runScenario -->
  <testcase classname="io.cucumber.testng.AbstractTestNGCucumberTests" name="runScenario" time="0.022">
    <failure type="io.cucumber.testng.UndefinedStepException" message="The step &amp;apos;User is on NetBanking landing page&amp;apos; is undefined.
You can implement this step using the snippet(s) below:

@Given(&amp;quot;User is on NetBanking landing page&amp;quot;)
public void user_is_on_net_banking_landing_page() {
    // Write code here that turns the phrase above into concrete actions
    throw new io.cucumber.java.PendingException();
}
">
      <![CDATA[io.cucumber.testng.UndefinedStepException: The step 'User is on NetBanking landing page' is undefined.
You can implement this step using the snippet(s) below:

@Given("User is on NetBanking landing page")
public void user_is_on_net_banking_landing_page() {
    // Write code here that turns the phrase above into concrete actions
    throw new io.cucumber.java.PendingException();
}

at ✽.User is on NetBanking landing page(file:///C:/Users/DELL/eclipse-workspace/cucumber/src/test/java/features/SecondProgram.feature:20)
]]>
    </failure>
  </testcase> <!-- runScenario -->
  <testcase classname="io.cucumber.testng.AbstractTestNGCucumberTests" name="runScenario" time="0.013">
    <failure type="io.cucumber.testng.UndefinedStepException" message="The step &amp;apos;User is on NetBanking landing page&amp;apos; is undefined.
You can implement this step using the snippet(s) below:

@Given(&amp;quot;User is on NetBanking landing page&amp;quot;)
public void user_is_on_net_banking_landing_page() {
    // Write code here that turns the phrase above into concrete actions
    throw new io.cucumber.java.PendingException();
}
">
      <![CDATA[io.cucumber.testng.UndefinedStepException: The step 'User is on NetBanking landing page' is undefined.
You can implement this step using the snippet(s) below:

@Given("User is on NetBanking landing page")
public void user_is_on_net_banking_landing_page() {
    // Write code here that turns the phrase above into concrete actions
    throw new io.cucumber.java.PendingException();
}

at ✽.User is on NetBanking landing page(file:///C:/Users/DELL/eclipse-workspace/cucumber/src/test/java/features/SecondProgram.feature:20)
]]>
    </failure>
  </testcase> <!-- runScenario -->
  <testcase classname="io.cucumber.testng.AbstractTestNGCucumberTests" name="runScenario" time="0.016"/>
  <testcase classname="io.cucumber.testng.AbstractTestNGCucumberTests" name="runScenario" time="0.016">
    <failure type="io.cucumber.testng.UndefinedStepException" message="The step &amp;apos;User is on NetBanking landing page&amp;apos; is undefined.
You can implement this step using the snippet(s) below:

@Given(&amp;quot;User is on NetBanking landing page&amp;quot;)
public void user_is_on_net_banking_landing_page() {
    // Write code here that turns the phrase above into concrete actions
    throw new io.cucumber.java.PendingException();
}
">
      <![CDATA[io.cucumber.testng.UndefinedStepException: The step 'User is on NetBanking landing page' is undefined.
You can implement this step using the snippet(s) below:

@Given("User is on NetBanking landing page")
public void user_is_on_net_banking_landing_page() {
    // Write code here that turns the phrase above into concrete actions
    throw new io.cucumber.java.PendingException();
}

at ✽.User is on NetBanking landing page(file:///C:/Users/DELL/eclipse-workspace/cucumber/src/test/java/features/SecondProgram.feature:46)
]]>
    </failure>
  </testcase> <!-- runScenario -->
  <testcase classname="io.cucumber.testng.AbstractTestNGCucumberTests" name="runScenario" time="0.031">
    <failure type="io.cucumber.testng.UndefinedStepException" message="The step &amp;apos;User is on NetBanking landing page&amp;apos; is undefined.
You can implement this step using the snippet(s) below:

@Given(&amp;quot;User is on NetBanking landing page&amp;quot;)
public void user_is_on_net_banking_landing_page() {
    // Write code here that turns the phrase above into concrete actions
    throw new io.cucumber.java.PendingException();
}
">
      <![CDATA[io.cucumber.testng.UndefinedStepException: The step 'User is on NetBanking landing page' is undefined.
You can implement this step using the snippet(s) below:

@Given("User is on NetBanking landing page")
public void user_is_on_net_banking_landing_page() {
    // Write code here that turns the phrase above into concrete actions
    throw new io.cucumber.java.PendingException();
}

at ✽.User is on NetBanking landing page(file:///C:/Users/DELL/eclipse-workspace/cucumber/src/test/java/features/firstProram.feature:12)
]]>
    </failure>
  </testcase> <!-- runScenario -->
  <testcase classname="io.cucumber.testng.AbstractTestNGCucumberTests" name="runScenario" time="0.016">
    <failure type="io.cucumber.testng.UndefinedStepException" message="The step &amp;apos;User is on NetBanking landing page&amp;apos; is undefined.
You can implement this step using the snippet(s) below:

@Given(&amp;quot;User is on NetBanking landing page&amp;quot;)
public void user_is_on_net_banking_landing_page() {
    // Write code here that turns the phrase above into concrete actions
    throw new io.cucumber.java.PendingException();
}
">
      <![CDATA[io.cucumber.testng.UndefinedStepException: The step 'User is on NetBanking landing page' is undefined.
You can implement this step using the snippet(s) below:

@Given("User is on NetBanking landing page")
public void user_is_on_net_banking_landing_page() {
    // Write code here that turns the phrase above into concrete actions
    throw new io.cucumber.java.PendingException();
}

at ✽.User is on NetBanking landing page(file:///C:/Users/DELL/eclipse-workspace/cucumber/src/test/java/features/firstProram.feature:21)
]]>
    </failure>
  </testcase> <!-- runScenario -->
  <testcase classname="io.cucumber.testng.AbstractTestNGCucumberTests" name="runScenario" time="0.012"/>
  <testcase classname="io.cucumber.testng.AbstractTestNGCucumberTests" name="runScenario" time="0.013">
    <failure type="io.cucumber.testng.UndefinedStepException" message="The step &amp;apos;User is on NetBanking landing page&amp;apos; is undefined.
You can implement this step using the snippet(s) below:

@Given(&amp;quot;User is on NetBanking landing page&amp;quot;)
public void user_is_on_net_banking_landing_page() {
    // Write code here that turns the phrase above into concrete actions
    throw new io.cucumber.java.PendingException();
}
">
      <![CDATA[io.cucumber.testng.UndefinedStepException: The step 'User is on NetBanking landing page' is undefined.
You can implement this step using the snippet(s) below:

@Given("User is on NetBanking landing page")
public void user_is_on_net_banking_landing_page() {
    // Write code here that turns the phrase above into concrete actions
    throw new io.cucumber.java.PendingException();
}

at ✽.User is on NetBanking landing page(file:///C:/Users/DELL/eclipse-workspace/cucumber/src/test/java/features/firstProram.feature:55)
]]>
    </failure>
  </testcase> <!-- runScenario -->
</testsuite> <!-- Default test -->
